2025-05-08 23:59:49,804 - __main__ - INFO - Starting data collection and processing pipeline
2025-05-08 23:59:49,804 - __main__ - INFO - Setting up directory structure
2025-05-08 23:59:49,804 - ml.setup_data_dirs - INFO - Starting data directory setup
2025-05-08 23:59:49,804 - ml.setup_data_dirs - INFO - Creating directory structure for data collection and processing
2025-05-08 23:59:49,804 - ml.setup_data_dirs - INFO - Ensured data directory exists: /Users/alexwa/Documents/GitHub/prometheus-v2/data
2025-05-08 23:59:49,804 - ml.setup_data_dirs - INFO - Ensured training directory exists: /Users/alexwa/Documents/GitHub/prometheus-v2/data/training
2025-05-08 23:59:49,804 - ml.setup_data_dirs - INFO - Ensured subdirectory exists: /Users/alexwa/Documents/GitHub/prometheus-v2/data/training/raw
2025-05-08 23:59:49,804 - ml.setup_data_dirs - INFO - Ensured document type directory exists: /Users/alexwa/Documents/GitHub/prometheus-v2/data/training/raw/resume
2025-05-08 23:59:49,804 - ml.setup_data_dirs - INFO - Ensured document type directory exists: /Users/alexwa/Documents/GitHub/prometheus-v2/data/training/raw/recommendations
2025-05-08 23:59:49,804 - ml.setup_data_dirs - INFO - Ensured document type directory exists: /Users/alexwa/Documents/GitHub/prometheus-v2/data/training/raw/awards
2025-05-08 23:59:49,804 - ml.setup_data_dirs - INFO - Ensured document type directory exists: /Users/alexwa/Documents/GitHub/prometheus-v2/data/training/raw/publications
2025-05-08 23:59:49,804 - ml.setup_data_dirs - INFO - Ensured document type directory exists: /Users/alexwa/Documents/GitHub/prometheus-v2/data/training/raw/salary
2025-05-08 23:59:49,804 - ml.setup_data_dirs - INFO - Ensured document type directory exists: /Users/alexwa/Documents/GitHub/prometheus-v2/data/training/raw/memberships
2025-05-08 23:59:49,804 - ml.setup_data_dirs - INFO - Ensured document type directory exists: /Users/alexwa/Documents/GitHub/prometheus-v2/data/training/raw/o1
2025-05-08 23:59:49,804 - ml.setup_data_dirs - INFO - Ensured document type directory exists: /Users/alexwa/Documents/GitHub/prometheus-v2/data/training/raw/i129
2025-05-08 23:59:49,804 - ml.setup_data_dirs - INFO - Ensured subdirectory exists: /Users/alexwa/Documents/GitHub/prometheus-v2/data/training/processed
2025-05-08 23:59:49,805 - ml.setup_data_dirs - INFO - Ensured document type directory exists: /Users/alexwa/Documents/GitHub/prometheus-v2/data/training/processed/resume
2025-05-08 23:59:49,805 - ml.setup_data_dirs - INFO - Ensured document type directory exists: /Users/alexwa/Documents/GitHub/prometheus-v2/data/training/processed/recommendations
2025-05-08 23:59:49,805 - ml.setup_data_dirs - INFO - Ensured document type directory exists: /Users/alexwa/Documents/GitHub/prometheus-v2/data/training/processed/awards
2025-05-08 23:59:49,805 - ml.setup_data_dirs - INFO - Ensured document type directory exists: /Users/alexwa/Documents/GitHub/prometheus-v2/data/training/processed/publications
2025-05-08 23:59:49,805 - ml.setup_data_dirs - INFO - Ensured document type directory exists: /Users/alexwa/Documents/GitHub/prometheus-v2/data/training/processed/salary
2025-05-08 23:59:49,805 - ml.setup_data_dirs - INFO - Ensured document type directory exists: /Users/alexwa/Documents/GitHub/prometheus-v2/data/training/processed/memberships
2025-05-08 23:59:49,805 - ml.setup_data_dirs - INFO - Ensured document type directory exists: /Users/alexwa/Documents/GitHub/prometheus-v2/data/training/processed/o1
2025-05-08 23:59:49,805 - ml.setup_data_dirs - INFO - Ensured document type directory exists: /Users/alexwa/Documents/GitHub/prometheus-v2/data/training/processed/i129
2025-05-08 23:59:49,805 - ml.setup_data_dirs - INFO - Ensured subdirectory exists: /Users/alexwa/Documents/GitHub/prometheus-v2/data/training/synthetic
2025-05-08 23:59:49,805 - ml.setup_data_dirs - INFO - Ensured document type directory exists: /Users/alexwa/Documents/GitHub/prometheus-v2/data/training/synthetic/resume
2025-05-08 23:59:49,805 - ml.setup_data_dirs - INFO - Ensured document type directory exists: /Users/alexwa/Documents/GitHub/prometheus-v2/data/training/synthetic/recommendations
2025-05-08 23:59:49,805 - ml.setup_data_dirs - INFO - Ensured document type directory exists: /Users/alexwa/Documents/GitHub/prometheus-v2/data/training/synthetic/awards
2025-05-08 23:59:49,805 - ml.setup_data_dirs - INFO - Ensured document type directory exists: /Users/alexwa/Documents/GitHub/prometheus-v2/data/training/synthetic/publications
2025-05-08 23:59:49,805 - ml.setup_data_dirs - INFO - Ensured document type directory exists: /Users/alexwa/Documents/GitHub/prometheus-v2/data/training/synthetic/salary
2025-05-08 23:59:49,805 - ml.setup_data_dirs - INFO - Ensured document type directory exists: /Users/alexwa/Documents/GitHub/prometheus-v2/data/training/synthetic/memberships
2025-05-08 23:59:49,805 - ml.setup_data_dirs - INFO - Ensured document type directory exists: /Users/alexwa/Documents/GitHub/prometheus-v2/data/training/synthetic/o1
2025-05-08 23:59:49,805 - ml.setup_data_dirs - INFO - Ensured document type directory exists: /Users/alexwa/Documents/GitHub/prometheus-v2/data/training/synthetic/i129
2025-05-08 23:59:49,805 - ml.setup_data_dirs - INFO - Ensured subdirectory exists: /Users/alexwa/Documents/GitHub/prometheus-v2/data/training/model_output
2025-05-08 23:59:49,805 - ml.setup_data_dirs - INFO - Copying sample data files
2025-05-08 23:59:49,807 - ml.setup_data_dirs - INFO - Copied sample O-1 application to: /Users/alexwa/Documents/GitHub/prometheus-v2/data/training/raw/o1/sample-o1-application.pdf
2025-05-08 23:59:49,809 - ml.setup_data_dirs - INFO - Copied O-1 form template to: /Users/alexwa/Documents/GitHub/prometheus-v2/data/training/raw/o1/o1-form-template.pdf
2025-05-08 23:59:49,810 - ml.setup_data_dirs - INFO - Creating dataset metadata file
2025-05-08 23:59:49,810 - ml.setup_data_dirs - INFO - Created dataset metadata file: /Users/alexwa/Documents/GitHub/prometheus-v2/data/training/metadata.json
2025-05-08 23:59:49,810 - ml.setup_data_dirs - INFO - Initializing field mappings file
2025-05-08 23:59:49,811 - ml.field_mapping - INFO - Created default field mappings file at /Users/alexwa/Documents/GitHub/prometheus-v2/data/training/field_mappings.json
2025-05-08 23:59:49,811 - ml.setup_data_dirs - INFO - Field mappings file initialized: /Users/alexwa/Documents/GitHub/prometheus-v2/data/training/field_mappings.json
2025-05-08 23:59:49,811 - ml.setup_data_dirs - INFO - Data directory setup complete
2025-05-08 23:59:49,811 - __main__ - INFO - Setup complete. Exiting as requested.
